2025-07-07 15:43:59,381 - urllib3.connectionpool - DEBUG - Starting new HTTPS connection (1): www.getketch.com:443
2025-07-07 15:43:59,471 - urllib3.connectionpool - DEBUG - https://www.getketch.com:443 "GET / HTTP/1.1" 200 None
2025-07-07 15:43:59,867 - urllib3.connectionpool - DEBUG - https://www.getketch.com:443 "GET /robots.txt HTTP/1.1" 200 None
2025-07-07 15:43:59,870 - root - INFO - No structured data detected based on application/ld+json type.
2025-07-07 15:44:00,341 - urllib3.connectionpool - DEBUG - https://www.getketch.com:443 "HEAD /cart HTTP/1.1" 200 0
2025-07-07 15:44:00,363 - urllib3.connectionpool - DEBUG - https://www.getketch.com:443 "HEAD / HTTP/1.1" 200 0
2025-07-07 15:44:00,750 - urllib3.connectionpool - DEBUG - https://www.getketch.com:443 "HEAD /account/dashboard HTTP/1.1" 200 0
2025-07-07 15:44:01,090 - urllib3.connectionpool - DEBUG - https://www.getketch.com:443 "HEAD /account/orders HTTP/1.1" 200 0
2025-07-07 15:44:01,230 - urllib3.connectionpool - DEBUG - https://www.getketch.com:443 "HEAD /account/wishlist HTTP/1.1" 200 0
2025-07-07 15:44:01,466 - urllib3.connectionpool - DEBUG - https://www.getketch.com:443 "HEAD /cart HTTP/1.1" 200 0
2025-07-07 15:44:01,671 - urllib3.connectionpool - DEBUG - https://www.getketch.com:443 "HEAD /cart HTTP/1.1" 200 0
2025-07-07 15:44:01,876 - urllib3.connectionpool - DEBUG - https://www.getketch.com:443 "HEAD /checkout/address HTTP/1.1" 200 0
2025-07-07 15:44:01,895 - urllib3.connectionpool - DEBUG - https://www.getketch.com:443 "HEAD /category/mens-fashion/shirts HTTP/1.1" 200 0
2025-07-07 15:44:01,931 - urllib3.connectionpool - DEBUG - https://www.getketch.com:443 "HEAD /category/mens-fashion/tshirts HTTP/1.1" 200 0
2025-07-07 15:44:01,969 - urllib3.connectionpool - DEBUG - https://www.getketch.com:443 "HEAD /category/mens-fashion/casual-trouser/cargo-pants HTTP/1.1" 200 0
2025-07-07 15:44:02,011 - urllib3.connectionpool - DEBUG - https://www.getketch.com:443 "HEAD /category/mens-fashion/jeans HTTP/1.1" 200 0
2025-07-07 15:44:02,048 - urllib3.connectionpool - DEBUG - https://www.getketch.com:443 "HEAD /category/mens-fashion/casual-trouser HTTP/1.1" 200 0
2025-07-07 15:44:02,083 - urllib3.connectionpool - DEBUG - https://www.getketch.com:443 "HEAD /category/mens-fashion/trackpants HTTP/1.1" 200 0
2025-07-07 15:44:02,092 - django.server - INFO - "POST /api/audit HTTP/1.1" 200 1765
2025-07-07 15:46:17,537 - django.utils.autoreload - INFO - /home/sagar/PycharmProjects/django/scrapper/seo_audit/services/seo_analyzer.py changed, reloading.
2025-07-07 15:46:18,431 - django.utils.autoreload - INFO - Watching for file changes with StatReloader
2025-07-07 15:46:47,320 - django.server - INFO - "GET / HTTP/1.1" 200 5344
2025-07-07 15:46:47,455 - django.server - INFO - "GET /static/style.css HTTP/1.1" 304 0
2025-07-07 15:46:47,503 - django.server - INFO - "GET /static/script.js HTTP/1.1" 304 0
2025-07-07 15:58:52,465 - django.request - WARNING - Not Found: /favicon.ico
2025-07-07 15:58:52,466 - django.server - WARNING - "GET /favicon.ico HTTP/1.1" 404 2860
2025-07-07 15:59:37,527 - django.utils.autoreload - INFO - /home/sagar/PycharmProjects/django/scrapper/seo_audit/services/seo_analyzer.py changed, reloading.
2025-07-07 15:59:38,389 - django.utils.autoreload - INFO - Watching for file changes with StatReloader
2025-07-07 16:01:10,917 - django.utils.autoreload - INFO - /home/sagar/PycharmProjects/django/scrapper/seo_audit/services/seo_analyzer.py changed, reloading.
2025-07-07 16:01:11,771 - django.utils.autoreload - INFO - Watching for file changes with StatReloader
2025-07-07 16:01:52,837 - django.utils.autoreload - INFO - /home/sagar/PycharmProjects/django/scrapper/seo_audit/services/seo_analyzer.py changed, reloading.
2025-07-07 16:01:53,399 - django.utils.autoreload - INFO - Watching for file changes with StatReloader
2025-07-07 16:02:04,711 - django.utils.autoreload - INFO - /home/sagar/PycharmProjects/django/scrapper/seo_audit/services/seo_analyzer.py changed, reloading.
2025-07-07 16:02:05,183 - django.utils.autoreload - INFO - Watching for file changes with StatReloader
2025-07-07 16:02:26,506 - django.utils.autoreload - INFO - /home/sagar/PycharmProjects/django/scrapper/seo_audit/services/seo_analyzer.py changed, reloading.
2025-07-07 16:02:26,964 - django.utils.autoreload - INFO - Watching for file changes with StatReloader
2025-07-07 16:03:43,785 - django.utils.autoreload - INFO - /home/sagar/PycharmProjects/django/scrapper/seo_audit/services/seo_analyzer.py changed, reloading.
2025-07-07 16:03:44,288 - django.utils.autoreload - INFO - Watching for file changes with StatReloader
2025-07-07 16:03:58,976 - django.utils.autoreload - INFO - /home/sagar/PycharmProjects/django/scrapper/seo_audit/services/seo_analyzer.py changed, reloading.
2025-07-07 16:03:59,585 - django.utils.autoreload - INFO - Watching for file changes with StatReloader
2025-07-07 16:04:05,108 - urllib3.connectionpool - DEBUG - Starting new HTTPS connection (1): www.getketch.com:443
2025-07-07 16:04:05,474 - urllib3.connectionpool - DEBUG - https://www.getketch.com:443 "GET / HTTP/1.1" 200 None
2025-07-07 16:04:05,852 - urllib3.connectionpool - DEBUG - https://www.getketch.com:443 "GET /robots.txt HTTP/1.1" 200 None
2025-07-07 16:04:06,292 - urllib3.connectionpool - DEBUG - https://www.getketch.com:443 "HEAD /cart HTTP/1.1" 200 0
2025-07-07 16:04:06,318 - urllib3.connectionpool - DEBUG - https://www.getketch.com:443 "HEAD / HTTP/1.1" 200 0
2025-07-07 16:04:06,701 - urllib3.connectionpool - DEBUG - https://www.getketch.com:443 "HEAD /account/dashboard HTTP/1.1" 200 0
2025-07-07 16:04:07,112 - urllib3.connectionpool - DEBUG - https://www.getketch.com:443 "HEAD /account/orders HTTP/1.1" 200 0
2025-07-07 16:04:07,317 - urllib3.connectionpool - DEBUG - https://www.getketch.com:443 "HEAD /account/wishlist HTTP/1.1" 200 0
2025-07-07 16:04:07,623 - urllib3.connectionpool - DEBUG - https://www.getketch.com:443 "HEAD /cart HTTP/1.1" 200 0
2025-07-07 16:04:07,908 - urllib3.connectionpool - DEBUG - https://www.getketch.com:443 "HEAD /cart HTTP/1.1" 200 0
2025-07-07 16:04:08,135 - urllib3.connectionpool - DEBUG - https://www.getketch.com:443 "HEAD /checkout/address HTTP/1.1" 200 0
2025-07-07 16:04:08,546 - urllib3.connectionpool - DEBUG - https://www.getketch.com:443 "HEAD /account/dashboard HTTP/1.1" 200 0
2025-07-07 16:04:08,954 - urllib3.connectionpool - DEBUG - https://www.getketch.com:443 "HEAD /account/orders HTTP/1.1" 200 0
2025-07-07 16:04:09,773 - urllib3.connectionpool - DEBUG - https://www.getketch.com:443 "HEAD /category/mens-fashion HTTP/1.1" 200 0
2025-07-07 16:04:09,791 - urllib3.connectionpool - DEBUG - https://www.getketch.com:443 "HEAD /category/mens-fashion HTTP/1.1" 200 0
2025-07-07 16:04:09,806 - django.server - INFO - "POST /api/audit HTTP/1.1" 200 1636
2025-07-07 16:06:32,208 - django.server - INFO - "GET / HTTP/1.1" 200 5344
2025-07-07 16:06:32,321 - django.server - INFO - "GET /static/style.css HTTP/1.1" 304 0
2025-07-07 16:06:32,358 - django.server - INFO - "GET /static/script.js HTTP/1.1" 304 0
2025-07-07 16:14:49,086 - django.request - ERROR - Internal Server Error: /
Traceback (most recent call last):
  File "/home/sagar/PycharmProjects/django/.venv/lib/python3.12/site-packages/django/template/base.py", line 510, in parse
    compile_func = self.tags[command]
                   ~~~~~~~~~^^^^^^^^^
KeyError: 'static'

During handling of the above exception, another exception occurred:

Traceback (most recent call last):
  File "/home/sagar/PycharmProjects/django/.venv/lib/python3.12/site-packages/django/core/handlers/exception.py", line 55, in inner
    response = get_response(request)
               ^^^^^^^^^^^^^^^^^^^^^
  File "/home/sagar/PycharmProjects/django/.venv/lib/python3.12/site-packages/django/core/handlers/base.py", line 197, in _get_response
    response = wrapped_callback(request, *callback_args, **callback_kwargs)
               ^^^^^^^^^^^^^^^^^^^^^^^^^^^^^^^^^^^^^^^^^^^^^^^^^^^^^^^^^^^^
  File "/home/sagar/PycharmProjects/django/scrapper/seo_audit/views.py", line 12, in index
    template = loader.get_template('index.html')
               ^^^^^^^^^^^^^^^^^^^^^^^^^^^^^^^^^
  File "/home/sagar/PycharmProjects/django/.venv/lib/python3.12/site-packages/django/template/loader.py", line 15, in get_template
    return engine.get_template(template_name)
           ^^^^^^^^^^^^^^^^^^^^^^^^^^^^^^^^^^
  File "/home/sagar/PycharmProjects/django/.venv/lib/python3.12/site-packages/django/template/backends/django.py", line 79, in get_template
    return Template(self.engine.get_template(template_name), self)
                    ^^^^^^^^^^^^^^^^^^^^^^^^^^^^^^^^^^^^^^^
  File "/home/sagar/PycharmProjects/django/.venv/lib/python3.12/site-packages/django/template/engine.py", line 177, in get_template
    template, origin = self.find_template(template_name)
                       ^^^^^^^^^^^^^^^^^^^^^^^^^^^^^^^^^
  File "/home/sagar/PycharmProjects/django/.venv/lib/python3.12/site-packages/django/template/engine.py", line 159, in find_template
    template = loader.get_template(name, skip=skip)
               ^^^^^^^^^^^^^^^^^^^^^^^^^^^^^^^^^^^^
  File "/home/sagar/PycharmProjects/django/.venv/lib/python3.12/site-packages/django/template/loaders/cached.py", line 57, in get_template
    template = super().get_template(template_name, skip)
               ^^^^^^^^^^^^^^^^^^^^^^^^^^^^^^^^^^^^^^^^^
  File "/home/sagar/PycharmProjects/django/.venv/lib/python3.12/site-packages/django/template/loaders/base.py", line 28, in get_template
    return Template(
           ^^^^^^^^^
  File "/home/sagar/PycharmProjects/django/.venv/lib/python3.12/site-packages/django/template/base.py", line 154, in __init__
    self.nodelist = self.compile_nodelist()
                    ^^^^^^^^^^^^^^^^^^^^^^^
  File "/home/sagar/PycharmProjects/django/.venv/lib/python3.12/site-packages/django/template/base.py", line 196, in compile_nodelist
    nodelist = parser.parse()
               ^^^^^^^^^^^^^^
  File "/home/sagar/PycharmProjects/django/.venv/lib/python3.12/site-packages/django/template/base.py", line 512, in parse
    self.invalid_block_tag(token, command, parse_until)
  File "/home/sagar/PycharmProjects/django/.venv/lib/python3.12/site-packages/django/template/base.py", line 577, in invalid_block_tag
    raise self.error(
django.template.exceptions.TemplateSyntaxError: Invalid block tag on line 7: 'static'. Did you forget to register or load this tag?
2025-07-07 16:14:49,092 - django.server - ERROR - "GET / HTTP/1.1" 500 141921
2025-07-07 16:15:42,406 - django.server - INFO - "GET / HTTP/1.1" 200 5344
2025-07-07 16:15:42,689 - django.server - INFO - "GET /static/script.js HTTP/1.1" 304 0
2025-07-07 16:16:39,912 - django.server - INFO - "GET / HTTP/1.1" 200 10776
2025-07-07 16:16:40,083 - django.server - INFO - "GET /static/script.js HTTP/1.1" 304 0
2025-07-07 16:16:45,337 - django.server - INFO - "GET / HTTP/1.1" 200 10776
2025-07-07 16:16:48,806 - django.server - INFO - "GET / HTTP/1.1" 200 10776
2025-07-07 16:16:51,789 - urllib3.connectionpool - DEBUG - Starting new HTTPS connection (1): www.getketch.com:443
2025-07-07 16:16:52,243 - urllib3.connectionpool - DEBUG - https://www.getketch.com:443 "GET / HTTP/1.1" 200 None
2025-07-07 16:16:52,962 - urllib3.connectionpool - DEBUG - https://www.getketch.com:443 "GET /robots.txt HTTP/1.1" 200 None
2025-07-07 16:16:53,982 - urllib3.connectionpool - DEBUG - https://www.getketch.com:443 "HEAD /cart HTTP/1.1" 200 0
2025-07-07 16:16:54,291 - urllib3.connectionpool - DEBUG - https://www.getketch.com:443 "HEAD / HTTP/1.1" 200 0
2025-07-07 16:16:55,109 - urllib3.connectionpool - DEBUG - https://www.getketch.com:443 "HEAD /account/dashboard HTTP/1.1" 200 0
2025-07-07 16:16:55,724 - urllib3.connectionpool - DEBUG - https://www.getketch.com:443 "HEAD /account/orders HTTP/1.1" 200 0
2025-07-07 16:16:55,981 - urllib3.connectionpool - DEBUG - https://www.getketch.com:443 "HEAD /account/wishlist HTTP/1.1" 200 0
2025-07-07 16:16:56,542 - urllib3.connectionpool - DEBUG - https://www.getketch.com:443 "HEAD /cart HTTP/1.1" 200 0
2025-07-07 16:16:57,055 - urllib3.connectionpool - DEBUG - https://www.getketch.com:443 "HEAD /cart HTTP/1.1" 200 0
2025-07-07 16:17:00,946 - urllib3.connectionpool - DEBUG - https://www.getketch.com:443 "HEAD /checkout/address HTTP/1.1" 200 0
2025-07-07 16:17:01,663 - urllib3.connectionpool - DEBUG - https://www.getketch.com:443 "HEAD /account/dashboard HTTP/1.1" 200 0
2025-07-07 16:17:02,175 - urllib3.connectionpool - DEBUG - https://www.getketch.com:443 "HEAD /account/orders HTTP/1.1" 200 0
2025-07-07 16:17:03,002 - django.request - WARNING - Not Found: /.well-known/appspecific/com.chrome.devtools.json
2025-07-07 16:17:03,003 - django.server - WARNING - "GET /.well-known/appspecific/com.chrome.devtools.json HTTP/1.1" 404 2971
2025-07-07 16:17:03,304 - urllib3.connectionpool - DEBUG - https://www.getketch.com:443 "HEAD /category/mens-fashion HTTP/1.1" 200 0
2025-07-07 16:17:03,404 - urllib3.connectionpool - DEBUG - https://www.getketch.com:443 "HEAD /category/mens-fashion HTTP/1.1" 200 0
2025-07-07 16:17:03,424 - django.server - INFO - "POST /api/audit HTTP/1.1" 200 1637
2025-07-07 16:17:19,743 - django.utils.autoreload - INFO - Watching for file changes with StatReloader
2025-07-07 16:17:22,740 - django.server - INFO - "GET / HTTP/1.1" 200 10776
2025-07-07 16:17:26,295 - django.request - WARNING - Not Found: /.well-known/appspecific/com.chrome.devtools.json
2025-07-07 16:17:26,296 - django.server - WARNING - "GET /.well-known/appspecific/com.chrome.devtools.json HTTP/1.1" 404 2971
2025-07-07 16:17:45,518 - django.server - INFO - "GET / HTTP/1.1" 200 5344
2025-07-07 16:17:45,577 - django.request - WARNING - Not Found: /.well-known/appspecific/com.chrome.devtools.json
2025-07-07 16:17:45,577 - django.server - WARNING - "GET /.well-known/appspecific/com.chrome.devtools.json HTTP/1.1" 404 2971
2025-07-07 16:17:45,635 - django.server - INFO - "GET /static/style.css HTTP/1.1" 200 9779
2025-07-07 16:17:45,733 - django.server - INFO - "GET /static/script.js HTTP/1.1" 200 21302
2025-07-07 16:17:53,675 - urllib3.connectionpool - DEBUG - Starting new HTTPS connection (1): www.getketch.com:443
2025-07-07 16:17:53,746 - urllib3.connectionpool - DEBUG - https://www.getketch.com:443 "GET / HTTP/1.1" 200 None
2025-07-07 16:17:54,153 - urllib3.connectionpool - DEBUG - https://www.getketch.com:443 "GET /robots.txt HTTP/1.1" 200 None
2025-07-07 16:17:54,502 - urllib3.connectionpool - DEBUG - https://www.getketch.com:443 "HEAD /cart HTTP/1.1" 200 0
2025-07-07 16:17:54,518 - urllib3.connectionpool - DEBUG - https://www.getketch.com:443 "HEAD / HTTP/1.1" 200 0
2025-07-07 16:17:55,013 - urllib3.connectionpool - DEBUG - https://www.getketch.com:443 "HEAD /account/dashboard HTTP/1.1" 200 0
2025-07-07 16:17:55,422 - urllib3.connectionpool - DEBUG - https://www.getketch.com:443 "HEAD /account/orders HTTP/1.1" 200 0
2025-07-07 16:17:55,555 - urllib3.connectionpool - DEBUG - https://www.getketch.com:443 "HEAD /account/wishlist HTTP/1.1" 200 0
2025-07-07 16:17:55,731 - urllib3.connectionpool - DEBUG - https://www.getketch.com:443 "HEAD /cart HTTP/1.1" 200 0
2025-07-07 16:17:56,036 - urllib3.connectionpool - DEBUG - https://www.getketch.com:443 "HEAD /cart HTTP/1.1" 200 0
2025-07-07 16:17:56,241 - urllib3.connectionpool - DEBUG - https://www.getketch.com:443 "HEAD /checkout/address HTTP/1.1" 200 0
2025-07-07 16:17:56,651 - urllib3.connectionpool - DEBUG - https://www.getketch.com:443 "HEAD /account/dashboard HTTP/1.1" 200 0
2025-07-07 16:17:57,062 - urllib3.connectionpool - DEBUG - https://www.getketch.com:443 "HEAD /account/orders HTTP/1.1" 200 0
2025-07-07 16:17:57,079 - urllib3.connectionpool - DEBUG - https://www.getketch.com:443 "HEAD /category/mens-fashion HTTP/1.1" 200 0
2025-07-07 16:17:57,094 - urllib3.connectionpool - DEBUG - https://www.getketch.com:443 "HEAD /category/mens-fashion HTTP/1.1" 200 0
2025-07-07 16:17:57,115 - django.server - INFO - "POST /api/audit HTTP/1.1" 200 1636
2025-07-07 19:00:26,428 - urllib3.connectionpool - DEBUG - Starting new HTTPS connection (1): www.google.com:443
2025-07-07 19:00:26,717 - urllib3.connectionpool - DEBUG - https://www.google.com:443 "GET / HTTP/1.1" 200 None
2025-07-07 19:00:26,896 - urllib3.connectionpool - DEBUG - https://www.google.com:443 "GET /robots.txt HTTP/1.1" 200 None
2025-07-07 19:00:26,976 - urllib3.connectionpool - DEBUG - https://www.google.com:443 "HEAD /imghp?hl=en&ogbl HTTP/1.1" 200 0
2025-07-07 19:00:27,056 - urllib3.connectionpool - DEBUG - https://www.google.com:443 "HEAD /setprefs?sig=0_huqH_SEm13FJ651Nv6qYqWnwRAE%3D&hl=hi&source=homepage&sa=X&ved=0ahUKEwj-3_-mt6uOAxXjxTgGHbA1ELgQ2ZgBCBc HTTP/1.1" 200 0
2025-07-07 19:00:27,383 - urllib3.connectionpool - DEBUG - https://www.google.com:443 "HEAD /setprefs?sig=0_huqH_SEm13FJ651Nv6qYqWnwRAE%3D&hl=bn&source=homepage&sa=X&ved=0ahUKEwj-3_-mt6uOAxXjxTgGHbA1ELgQ2ZgBCBg HTTP/1.1" 200 0
2025-07-07 19:00:27,471 - urllib3.connectionpool - DEBUG - https://www.google.com:443 "HEAD /setprefs?sig=0_huqH_SEm13FJ651Nv6qYqWnwRAE%3D&hl=te&source=homepage&sa=X&ved=0ahUKEwj-3_-mt6uOAxXjxTgGHbA1ELgQ2ZgBCBk HTTP/1.1" 200 0
2025-07-07 19:00:28,044 - urllib3.connectionpool - DEBUG - https://www.google.com:443 "HEAD /setprefs?sig=0_huqH_SEm13FJ651Nv6qYqWnwRAE%3D&hl=mr&source=homepage&sa=X&ved=0ahUKEwj-3_-mt6uOAxXjxTgGHbA1ELgQ2ZgBCBo HTTP/1.1" 200 0
2025-07-07 19:00:28,229 - urllib3.connectionpool - DEBUG - https://www.google.com:443 "HEAD /setprefs?sig=0_huqH_SEm13FJ651Nv6qYqWnwRAE%3D&hl=ta&source=homepage&sa=X&ved=0ahUKEwj-3_-mt6uOAxXjxTgGHbA1ELgQ2ZgBCBs HTTP/1.1" 200 0
2025-07-07 19:00:28,537 - urllib3.connectionpool - DEBUG - https://www.google.com:443 "HEAD /setprefs?sig=0_huqH_SEm13FJ651Nv6qYqWnwRAE%3D&hl=gu&source=homepage&sa=X&ved=0ahUKEwj-3_-mt6uOAxXjxTgGHbA1ELgQ2ZgBCBw HTTP/1.1" 200 0
2025-07-07 19:00:28,635 - urllib3.connectionpool - DEBUG - https://www.google.com:443 "HEAD /setprefs?sig=0_huqH_SEm13FJ651Nv6qYqWnwRAE%3D&hl=kn&source=homepage&sa=X&ved=0ahUKEwj-3_-mt6uOAxXjxTgGHbA1ELgQ2ZgBCB0 HTTP/1.1" 200 0
2025-07-07 19:00:28,933 - urllib3.connectionpool - DEBUG - https://www.google.com:443 "HEAD /setprefs?sig=0_huqH_SEm13FJ651Nv6qYqWnwRAE%3D&hl=ml&source=homepage&sa=X&ved=0ahUKEwj-3_-mt6uOAxXjxTgGHbA1ELgQ2ZgBCB4 HTTP/1.1" 200 0
2025-07-07 19:00:29,041 - urllib3.connectionpool - DEBUG - https://www.google.com:443 "HEAD /setprefs?sig=0_huqH_SEm13FJ651Nv6qYqWnwRAE%3D&hl=pa&source=homepage&sa=X&ved=0ahUKEwj-3_-mt6uOAxXjxTgGHbA1ELgQ2ZgBCB8 HTTP/1.1" 200 0
2025-07-07 19:00:29,051 - urllib3.connectionpool - DEBUG - https://www.google.com:443 "HEAD /intl/en_in/ads/?subid=ww-ww-et-g-awa-a-g_hpafoot1_1!o2&utm_source=google.com&utm_medium=referral&utm_campaign=google_hpafooter&fg=1 HTTP/1.1" 301 0
2025-07-07 19:00:29,052 - urllib3.connectionpool - DEBUG - Starting new HTTPS connection (1): ads.google.com:443
2025-07-07 19:00:29,784 - urllib3.connectionpool - DEBUG - https://ads.google.com:443 "HEAD /intl/en_in/home/?subid=ww-ww-et-g-awa-a-g_hpafoot1_1!o2&utm_source=google.com&utm_medium=referral&utm_campaign=google_hpafooter&fg=1 HTTP/1.1" 301 0
2025-07-07 19:00:29,787 - urllib3.connectionpool - DEBUG - Starting new HTTPS connection (1): business.google.com:443
2025-07-07 19:00:30,331 - urllib3.connectionpool - DEBUG - https://business.google.com:443 "HEAD /in/google-ads/?subid=ww-ww-et-g-awa-a-g_hpafoot1_1!o2&utm_source=google.com&utm_medium=referral&utm_campaign=google_hpafooter&fg=1 HTTP/1.1" 200 0
2025-07-07 19:00:30,366 - urllib3.connectionpool - DEBUG - https://www.google.com:443 "HEAD /services/?subid=ww-ww-et-g-awa-a-g_hpbfoot1_1!o2&utm_source=google.com&utm_medium=referral&utm_campaign=google_hpbfooter&fg=1 HTTP/1.1" 301 0
2025-07-07 19:00:30,470 - urllib3.connectionpool - DEBUG - https://www.google.com:443 "HEAD /business/?subid=ww-ww-et-g-awa-a-g_hpbfoot1_1!o2&utm_source=google.com&utm_medium=referral&utm_campaign=google_hpbfooter&fg=1 HTTP/1.1" 301 0
2025-07-07 19:00:30,588 - urllib3.connectionpool - DEBUG - https://business.google.com:443 "HEAD /in/business-profile/?subid=ww-ww-et-g-awa-a-g_hpbfoot1_1!o2&utm_source=google.com&utm_medium=referral&utm_campaign=google_hpbfooter&fg=1 HTTP/1.1" 200 0
2025-07-07 19:00:30,591 - django.server - INFO - "POST /api/audit HTTP/1.1" 200 2422
2025-07-07 19:00:57,122 - urllib3.connectionpool - DEBUG - Starting new HTTPS connection (1): www.flipkart.com:443
2025-07-07 19:00:57,775 - urllib3.connectionpool - DEBUG - https://www.flipkart.com:443 "GET /voltas-2024-model-1-ton-3-star-window-ac-wi-fi-connect-white/p/itme55411e8599be?pid=ACNH8XGKSYZZBHGR&lid=LSTACNH8XGKSYZZBHGRCFAFB2&marketplace=FLIPKART&sattr%5B%5D=manufacture_year&pageUID=1745857308479 HTTP/1.1" 200 None
2025-07-07 19:00:58,120 - urllib3.connectionpool - DEBUG - https://www.flipkart.com:443 "GET /robots.txt HTTP/1.1" 200 4364
2025-07-07 19:00:58,493 - urllib3.connectionpool - DEBUG - https://www.flipkart.com:443 "HEAD / HTTP/1.1" 200 0
2025-07-07 19:00:58,600 - urllib3.connectionpool - DEBUG - https://www.flipkart.com:443 "HEAD /plus HTTP/1.1" 200 0
2025-07-07 19:00:58,739 - urllib3.connectionpool - DEBUG - https://www.flipkart.com:443 "HEAD /account/login?ret=/voltas-2024-model-1-ton-3-star-window-ac-wi-fi-connect-white/p/itme55411e8599be%3Fpid%3DACNH8XGKSYZZBHGR%26lid%3DLSTACNH8XGKSYZZBHGRCFAFB2%26marketplace%3DFLIPKART%26sattr%255B%255D%3Dmanufacture_year%26pageUID%3D1745857308479 HTTP/1.1" 200 0
2025-07-07 19:00:58,849 - urllib3.connectionpool - DEBUG - https://www.flipkart.com:443 "HEAD /viewcart?exploreMode=true&preference=FLIPKART HTTP/1.1" 200 0
2025-07-07 19:00:59,208 - urllib3.connectionpool - DEBUG - https://www.flipkart.com:443 "HEAD /?otracker=product_breadCrumbs_Home HTTP/1.1" 200 0
2025-07-07 19:00:59,824 - urllib3.connectionpool - DEBUG - https://www.flipkart.com:443 "HEAD /home-kitchen/pr?sid=j9e&marketplace=FLIPKART&otracker=product_breadCrumbs_Home+%26+Kitchen HTTP/1.1" 200 0
2025-07-07 19:01:00,335 - urllib3.connectionpool - DEBUG - https://www.flipkart.com:443 "HEAD /home-kitchen/home-appliances/pr?sid=j9e,abm&marketplace=FLIPKART&otracker=product_breadCrumbs_Home+Appliances HTTP/1.1" 200 0
2025-07-07 19:01:00,847 - urllib3.connectionpool - DEBUG - https://www.flipkart.com:443 "HEAD /air-conditioners/pr?sid=j9e,abm,c54&marketplace=FLIPKART&otracker=product_breadCrumbs_Air+Conditioners HTTP/1.1" 200 0
2025-07-07 19:01:01,360 - urllib3.connectionpool - DEBUG - https://www.flipkart.com:443 "HEAD /air-conditioners/voltas~brand/pr?sid=j9e,abm,c54&marketplace=FLIPKART&otracker=product_breadCrumbs_Voltas+Air+Conditioners HTTP/1.1" 200 0
2025-07-07 19:01:01,871 - urllib3.connectionpool - DEBUG - https://www.flipkart.com:443 "HEAD /voltas-1-5-ton-3-star-window-ac-white/p/itmfee4d729eb08d?pid=ACNFG3Z5X4RZSZBY&lid=LSTACNFG3Z5X4RZSZBYLVLTSN&marketplace=FLIPKART&sattr%5B%5D=manufacture_year&st=manufacture_year HTTP/1.1" 200 0
2025-07-07 19:01:02,328 - urllib3.connectionpool - DEBUG - https://www.flipkart.com:443 "HEAD /voltas-1-5-ton-5-star-window-ac-white/p/itmbd2ba20679288?pid=ACNFGGUDTYGMESZP&lid=LSTACNFGGUDTYGMESZPFFWE0V&marketplace=FLIPKART&sattr%5B%5D=manufacture_year&st=manufacture_year HTTP/1.1" 200 0
2025-07-07 19:01:02,399 - urllib3.connectionpool - DEBUG - https://www.flipkart.com:443 "HEAD /voltas-1-5-ton-3-star-window-ac-white/p/itmb5b3fd4d3e94c?pid=ACNGMXKVP7NA8DWY&lid=LSTACNGMXKVP7NA8DWYQ4YRBA&marketplace=FLIPKART&sattr%5B%5D=manufacture_year&st=manufacture_year HTTP/1.1" 429 0
2025-07-07 19:01:02,490 - urllib3.connectionpool - DEBUG - https://www.flipkart.com:443 "HEAD /voltas-2024-model-1-ton-3-star-window-ac-wi-fi-connect-white/p/itme55411e8599be?pid=ACNH8XGKSYZZBHGR&lid=LSTACNH8XGKSYZZBHGRCFAFB2&marketplace=FLIPKART&sattr%5B%5D=manufacture_year&st=manufacture_year HTTP/1.1" 429 0
2025-07-07 19:01:02,611 - urllib3.connectionpool - DEBUG - https://www.flipkart.com:443 "HEAD /voltas-2024-model-1-5-ton-3-star-window-ac-wi-fi-connect-white/p/itm01c7dc7cacc51?pid=ACNH8XGK7RPYZZRM&lid=LSTACNH8XGK7RPYZZRM8IRIQY&marketplace=FLIPKART&sattr%5B%5D=manufacture_year&st=manufacture_year HTTP/1.1" 429 0
2025-07-07 19:01:02,669 - urllib3.connectionpool - DEBUG - https://www.flipkart.com:443 "HEAD /voltas-2024-model-1-5-ton-5-star-window-inverter-ac-white/p/itme2342e7f7e717?pid=ACNH8XGKUDGM9BNV&lid=LSTACNH8XGKUDGM9BNVGIWITO&marketplace=FLIPKART&sattr%5B%5D=manufacture_year&st=manufacture_year HTTP/1.1" 429 0
2025-07-07 19:01:02,792 - urllib3.connectionpool - DEBUG - https://www.flipkart.com:443 "HEAD /sellers?pid=ACNH8XGKSYZZBHGR&fetchId=dff9045d-6ecb-43ad-ac62-936faa2c0194.ACNH8XGKSYZZBHGR HTTP/1.1" 200 0
2025-07-07 19:01:03,346 - urllib3.connectionpool - DEBUG - https://www.flipkart.com:443 "HEAD /voltas-2024-model-1-ton-3-star-window-ac-wi-fi-connect-white/p/itme55411e8599be?pid=ACNH8XGKSYZZBHGR HTTP/1.1" 200 0
2025-07-07 19:01:03,919 - urllib3.connectionpool - DEBUG - https://www.flipkart.com:443 "HEAD /voltas-2024-model-1-ton-3-star-window-ac-wi-fi-connect-white/p/itme55411e8599be?pid=ACNH8XGKSYZZBHGR HTTP/1.1" 200 0
2025-07-07 19:01:04,534 - urllib3.connectionpool - DEBUG - https://www.flipkart.com:443 "HEAD /everest-ew-400-delux-stabilizer-upto-1-5-ton-ac-working-range-170-v-270-v/p/itme5guabjetxfr2?pid=VSTE5GUAVTYFYHW6&lid=LSTVSTE5GUAVTYFYHW6F6VS01&marketplace=FLIPKART&fm=productRecommendation%2Fattach&iid=R%3Aa%3Bp%3AACNH8XGKSYZZBHGR%3Bl%3ALSTACNH8XGKSYZZBHGRCFAFB2%3Bpt%3App%3Buid%3Ab6bdbb32-5b64-11f0-a255-6fdfb9c6de4d%3B.VSTE5GUAVTYFYHW6&ppt=None&ppn=None&ssid=8i1mca2ygw0000001751914857041&otracker=pp_reco_Frequently%2BBought%2BTogether_1_Frequently%2BBought%2BTogether_VSTE5GUAVTYFYHW6_productRecommendation%2Fattach_1&otracker1=pp_reco_PINNED_productRecommendation%2Fattach_Frequently%2BBought%2BTogether_NA_productCard_cc_1_NA_view-all&cid=VSTE5GUAVTYFYHW6 HTTP/1.1" 200 0
2025-07-07 19:01:04,548 - django.server - INFO - "POST /api/audit HTTP/1.1" 200 2154
2025-07-07 19:02:07,823 - django.server - INFO - "GET / HTTP/1.1" 200 5344
2025-07-07 19:02:07,907 - django.server - INFO - "GET /static/style.css HTTP/1.1" 304 0
2025-07-07 19:02:07,910 - django.server - INFO - "GET /static/script.js HTTP/1.1" 304 0
2025-07-07 19:02:29,165 - urllib3.connectionpool - DEBUG - Starting new HTTPS connection (1): www.livemint.com:443
2025-07-07 19:02:29,350 - urllib3.connectionpool - DEBUG - https://www.livemint.com:443 "GET /news/world/houthi-strikes-escalate-in-red-sea-2-crew-wounded-2-missing-after-latest-attack-11751912331621.html HTTP/1.1" 200 36537
2025-07-07 19:02:29,523 - urllib3.connectionpool - DEBUG - https://www.livemint.com:443 "GET /robots.txt HTTP/1.1" 200 542
2025-07-07 19:02:29,833 - urllib3.connectionpool - DEBUG - https://www.livemint.com:443 "HEAD / HTTP/1.1" 200 0
2025-07-07 19:02:29,858 - urllib3.connectionpool - DEBUG - https://www.livemint.com:443 "HEAD / HTTP/1.1" 200 0
2025-07-07 19:02:30,653 - urllib3.connectionpool - DEBUG - https://www.livemint.com:443 "HEAD /market/market-stats HTTP/1.1" 200 0
2025-07-07 19:02:30,671 - urllib3.connectionpool - DEBUG - https://www.livemint.com:443 "HEAD / HTTP/1.1" 200 0
2025-07-07 19:02:30,692 - urllib3.connectionpool - DEBUG - https://www.livemint.com:443 "HEAD /latest-news HTTP/1.1" 200 0
2025-07-07 19:02:30,711 - urllib3.connectionpool - DEBUG - https://www.livemint.com:443 "HEAD /market HTTP/1.1" 200 0
2025-07-07 19:02:30,733 - urllib3.connectionpool - DEBUG - https://www.livemint.com:443 "HEAD /market HTTP/1.1" 200 0
2025-07-07 19:02:31,062 - urllib3.connectionpool - DEBUG - https://www.livemint.com:443 "HEAD /market/mark-to-market HTTP/1.1" 200 0
2025-07-07 19:02:31,316 - urllib3.connectionpool - DEBUG - https://www.livemint.com:443 "HEAD /market/commodities HTTP/1.1" 200 0
2025-07-07 19:02:31,574 - urllib3.connectionpool - DEBUG - https://www.livemint.com:443 "HEAD /market/cryptocurrency HTTP/1.1" 200 0
2025-07-07 19:02:31,779 - urllib3.connectionpool - DEBUG - https://www.livemint.com:443 "HEAD /market/ipo HTTP/1.1" 200 0
2025-07-07 19:02:32,290 - urllib3.connectionpool - DEBUG - https://www.livemint.com:443 "HEAD /market/stock-market-news HTTP/1.1" 200 0
2025-07-07 19:02:32,305 - urllib3.connectionpool - DEBUG - https://www.livemint.com:443 "HEAD /news/world/houthi-strikes-escalate-in-red-sea-2-crew-wounded-2-missing-after-latest-attack-11751912331621.html HTTP/1.1" 200 0
2025-07-07 19:02:32,320 - urllib3.connectionpool - DEBUG - https://www.livemint.com:443 "HEAD /market/market-stats HTTP/1.1" 200 0
2025-07-07 19:02:32,905 - urllib3.connectionpool - DEBUG - https://www.livemint.com:443 "HEAD /market/india-indices HTTP/1.1" 200 0
2025-07-07 19:02:32,922 - urllib3.connectionpool - DEBUG - https://www.livemint.com:443 "HEAD /news/world/houthi-strikes-escalate-in-red-sea-2-crew-wounded-2-missing-after-latest-attack-11751912331621.html HTTP/1.1" 200 0
2025-07-07 19:02:32,940 - urllib3.connectionpool - DEBUG - https://www.livemint.com:443 "HEAD /gold-prices HTTP/1.1" 200 0
2025-07-07 19:02:32,959 - urllib3.connectionpool - DEBUG - https://www.livemint.com:443 "HEAD /silver-prices HTTP/1.1" 200 0
2025-07-07 19:02:32,975 - urllib3.connectionpool - DEBUG - https://www.livemint.com:443 "HEAD /news/world/houthi-strikes-escalate-in-red-sea-2-crew-wounded-2-missing-after-latest-attack-11751912331621.html HTTP/1.1" 200 0
2025-07-07 19:02:33,315 - urllib3.connectionpool - DEBUG - https://www.livemint.com:443 "HEAD /fuel-prices-petrol HTTP/1.1" 200 0
2025-07-07 19:02:33,328 - django.server - INFO - "POST /api/audit HTTP/1.1" 200 2276
